TN:
SF:src\wordCountStats.ts
FN:40,(anonymous_0)
FN:47,(anonymous_1)
FN:50,(anonymous_2)
FN:54,(anonymous_3)
FN:70,(anonymous_4)
FN:77,(anonymous_5)
FN:90,(anonymous_6)
FN:97,(anonymous_7)
FN:114,(anonymous_8)
FN:125,(anonymous_9)
FN:129,(anonymous_10)
FN:139,(anonymous_11)
FN:152,(anonymous_12)
FN:164,(anonymous_13)
FN:180,(anonymous_14)
FN:245,(anonymous_15)
FN:258,(anonymous_16)
FN:266,(anonymous_17)
FN:269,(anonymous_18)
FN:281,(anonymous_19)
FN:293,(anonymous_20)
FN:312,(anonymous_21)
FN:377,(anonymous_22)
FN:403,(anonymous_23)
FN:416,(anonymous_24)
FN:433,(anonymous_25)
FN:444,(anonymous_26)
FN:458,(anonymous_27)
FN:468,(anonymous_28)
FN:490,(anonymous_29)
FN:502,(anonymous_30)
FN:516,(anonymous_31)
FN:524,(anonymous_32)
FN:537,(anonymous_33)
FN:541,(anonymous_34)
FN:555,(anonymous_35)
FN:559,(anonymous_36)
FN:565,(anonymous_37)
FN:584,(anonymous_38)
FN:591,(anonymous_39)
FN:596,(anonymous_40)
FN:613,(anonymous_41)
FN:628,(anonymous_42)
FN:632,(anonymous_43)
FN:637,(anonymous_44)
FN:641,(anonymous_45)
FN:647,(anonymous_46)
FN:652,(anonymous_47)
FN:657,(anonymous_48)
FNF:49
FNH:6
FNDA:5,(anonymous_0)
FNDA:0,(anonymous_1)
FNDA:0,(anonymous_2)
FNDA:0,(anonymous_3)
FNDA:0,(anonymous_4)
FNDA:0,(anonymous_5)
FNDA:0,(anonymous_6)
FNDA:0,(anonymous_7)
FNDA:0,(anonymous_8)
FNDA:0,(anonymous_9)
FNDA:0,(anonymous_10)
FNDA:0,(anonymous_11)
FNDA:0,(anonymous_12)
FNDA:0,(anonymous_13)
FNDA:0,(anonymous_14)
FNDA:0,(anonymous_15)
FNDA:0,(anonymous_16)
FNDA:0,(anonymous_17)
FNDA:0,(anonymous_18)
FNDA:0,(anonymous_19)
FNDA:0,(anonymous_20)
FNDA:0,(anonymous_21)
FNDA:0,(anonymous_22)
FNDA:0,(anonymous_23)
FNDA:0,(anonymous_24)
FNDA:0,(anonymous_25)
FNDA:1,(anonymous_26)
FNDA:6,(anonymous_27)
FNDA:3,(anonymous_28)
FNDA:0,(anonymous_29)
FNDA:0,(anonymous_30)
FNDA:0,(anonymous_31)
FNDA:0,(anonymous_32)
FNDA:0,(anonymous_33)
FNDA:0,(anonymous_34)
FNDA:0,(anonymous_35)
FNDA:0,(anonymous_36)
FNDA:0,(anonymous_37)
FNDA:0,(anonymous_38)
FNDA:0,(anonymous_39)
FNDA:0,(anonymous_40)
FNDA:0,(anonymous_41)
FNDA:0,(anonymous_42)
FNDA:5,(anonymous_43)
FNDA:0,(anonymous_44)
FNDA:2,(anonymous_45)
FNDA:0,(anonymous_46)
FNDA:0,(anonymous_47)
FNDA:0,(anonymous_48)
DA:1,1
DA:4,1
DA:5,1
DA:6,1
DA:12,1
DA:14,1
DA:22,5
DA:24,5
DA:27,5
DA:28,5
DA:29,5
DA:30,5
DA:31,5
DA:35,5
DA:37,5
DA:38,5
DA:41,5
DA:42,5
DA:43,5
DA:44,5
DA:45,5
DA:46,5
DA:47,5
DA:51,0
DA:55,0
DA:56,0
DA:57,0
DA:60,0
DA:61,0
DA:65,0
DA:67,0
DA:71,0
DA:72,0
DA:73,0
DA:74,0
DA:75,0
DA:77,0
DA:78,0
DA:79,0
DA:83,0
DA:84,0
DA:86,0
DA:91,0
DA:92,0
DA:93,0
DA:99,0
DA:100,0
DA:102,0
DA:108,0
DA:109,0
DA:115,0
DA:117,0
DA:118,0
DA:121,0
DA:124,0
DA:125,0
DA:126,0
DA:129,0
DA:130,0
DA:134,0
DA:138,0
DA:141,0
DA:143,0
DA:144,0
DA:150,0
DA:152,0
DA:153,0
DA:154,0
DA:155,0
DA:161,0
DA:165,0
DA:166,0
DA:167,0
DA:170,0
DA:171,0
DA:174,0
DA:175,0
DA:176,0
DA:177,0
DA:181,0
DA:182,0
DA:185,0
DA:187,0
DA:189,0
DA:190,0
DA:191,0
DA:192,0
DA:196,0
DA:198,0
DA:200,0
DA:204,0
DA:207,0
DA:210,0
DA:213,0
DA:217,0
DA:221,0
DA:222,0
DA:224,0
DA:225,0
DA:229,0
DA:230,0
DA:234,0
DA:238,0
DA:239,0
DA:240,0
DA:241,0
DA:246,0
DA:247,0
DA:248,0
DA:251,0
DA:252,0
DA:253,0
DA:259,0
DA:260,0
DA:261,0
DA:263,0
DA:268,0
DA:270,0
DA:272,0
DA:273,0
DA:280,0
DA:282,0
DA:283,0
DA:284,0
DA:286,0
DA:287,0
DA:294,0
DA:295,0
DA:297,0
DA:299,0
DA:300,0
DA:301,0
DA:304,0
DA:306,0
DA:313,0
DA:314,0
DA:317,0
DA:319,0
DA:321,0
DA:322,0
DA:323,0
DA:324,0
DA:328,0
DA:330,0
DA:332,0
DA:336,0
DA:339,0
DA:342,0
DA:345,0
DA:348,0
DA:352,0
DA:353,0
DA:355,0
DA:356,0
DA:360,0
DA:361,0
DA:365,0
DA:369,0
DA:370,0
DA:371,0
DA:373,0
DA:378,0
DA:380,0
DA:381,0
DA:383,0
DA:385,0
DA:387,0
DA:388,0
DA:389,0
DA:390,0
DA:391,0
DA:395,0
DA:396,0
DA:400,0
DA:404,0
DA:405,0
DA:409,0
DA:410,0
DA:411,0
DA:417,0
DA:420,0
DA:422,0
DA:423,0
DA:424,0
DA:425,0
DA:427,0
DA:429,0
DA:434,0
DA:435,0
DA:436,0
DA:437,0
DA:440,0
DA:445,1
DA:446,1
DA:449,1
DA:455,1
DA:459,6
DA:460,6
DA:461,29
DA:462,29
DA:463,29
DA:465,6
DA:470,3
DA:471,3
DA:475,3
DA:476,3
DA:478,8
DA:480,3
DA:483,5
DA:487,3
DA:491,0
DA:493,0
DA:495,0
DA:498,0
DA:501,0
DA:502,0
DA:505,0
DA:510,0
DA:511,0
DA:512,0
DA:517,0
DA:518,0
DA:520,0
DA:521,0
DA:525,0
DA:526,0
DA:527,0
DA:530,0
DA:531,0
DA:534,0
DA:538,0
DA:542,0
DA:543,0
DA:546,0
DA:547,0
DA:550,0
DA:551,0
DA:552,0
DA:556,0
DA:560,0
DA:561,0
DA:566,0
DA:567,0
DA:569,0
DA:570,0
DA:571,0
DA:572,0
DA:573,0
DA:574,0
DA:575,0
DA:577,0
DA:579,0
DA:585,0
DA:586,0
DA:588,0
DA:593,0
DA:599,0
DA:600,0
DA:603,0
DA:604,0
DA:605,0
DA:606,0
DA:607,0
DA:610,0
DA:614,0
DA:615,0
DA:617,0
DA:618,0
DA:619,0
DA:620,0
DA:621,0
DA:624,0
DA:629,0
DA:633,5
DA:634,5
DA:638,0
DA:642,2
DA:643,2
DA:644,1
DA:648,0
DA:649,0
DA:653,0
DA:654,0
DA:659,0
LF:284
LH:46
BRDA:55,0,0,0
BRDA:55,0,1,0
BRDA:60,1,0,0
BRDA:60,1,1,0
BRDA:71,2,0,0
BRDA:71,2,1,0
BRDA:91,3,0,0
BRDA:91,3,1,0
BRDA:100,4,0,0
BRDA:100,4,1,0
BRDA:124,5,0,0
BRDA:124,5,1,0
BRDA:141,6,0,0
BRDA:141,6,1,0
BRDA:141,7,0,0
BRDA:141,7,1,0
BRDA:141,7,2,0
BRDA:150,8,0,0
BRDA:150,8,1,0
BRDA:154,9,0,0
BRDA:154,9,1,0
BRDA:166,10,0,0
BRDA:166,10,1,0
BRDA:170,11,0,0
BRDA:170,11,1,0
BRDA:181,12,0,0
BRDA:181,12,1,0
BRDA:189,13,0,0
BRDA:189,13,1,0
BRDA:198,14,0,0
BRDA:198,14,1,0
BRDA:213,15,0,0
BRDA:213,15,1,0
BRDA:229,16,0,0
BRDA:229,16,1,0
BRDA:238,17,0,0
BRDA:238,17,1,0
BRDA:246,18,0,0
BRDA:246,18,1,0
BRDA:247,19,0,0
BRDA:247,19,1,0
BRDA:251,20,0,0
BRDA:251,20,1,0
BRDA:260,21,0,0
BRDA:260,21,1,0
BRDA:272,22,0,0
BRDA:272,22,1,0
BRDA:282,23,0,0
BRDA:282,23,1,0
BRDA:282,24,0,0
BRDA:282,24,1,0
BRDA:283,25,0,0
BRDA:283,25,1,0
BRDA:295,26,0,0
BRDA:295,26,1,0
BRDA:295,27,0,0
BRDA:295,27,1,0
BRDA:295,27,2,0
BRDA:297,28,0,0
BRDA:297,28,1,0
BRDA:313,29,0,0
BRDA:313,29,1,0
BRDA:321,30,0,0
BRDA:321,30,1,0
BRDA:330,31,0,0
BRDA:330,31,1,0
BRDA:345,32,0,0
BRDA:345,32,1,0
BRDA:360,33,0,0
BRDA:360,33,1,0
BRDA:369,34,0,0
BRDA:369,34,1,0
BRDA:378,35,0,0
BRDA:378,35,1,0
BRDA:381,36,0,0
BRDA:381,36,1,0
BRDA:383,37,0,0
BRDA:383,37,1,0
BRDA:388,38,0,0
BRDA:388,38,1,0
BRDA:388,39,0,0
BRDA:388,39,1,0
BRDA:390,40,0,0
BRDA:390,40,1,0
BRDA:395,41,0,0
BRDA:395,41,1,0
BRDA:404,42,0,0
BRDA:404,42,1,0
BRDA:410,43,0,0
BRDA:410,43,1,0
BRDA:410,44,0,0
BRDA:410,44,1,0
BRDA:424,45,0,0
BRDA:424,45,1,0
BRDA:434,46,0,0
BRDA:434,46,1,0
BRDA:475,47,0,3
BRDA:475,47,1,0
BRDA:478,48,0,3
BRDA:478,48,1,5
BRDA:493,49,0,0
BRDA:493,49,1,0
BRDA:498,50,0,0
BRDA:498,50,1,0
BRDA:498,51,0,0
BRDA:498,51,1,0
BRDA:530,52,0,0
BRDA:530,52,1,0
BRDA:530,53,0,0
BRDA:530,53,1,0
BRDA:541,54,0,0
BRDA:542,55,0,0
BRDA:542,55,1,0
BRDA:546,56,0,0
BRDA:546,56,1,0
BRDA:556,57,0,0
BRDA:556,57,1,0
BRDA:556,58,0,0
BRDA:556,58,1,0
BRDA:556,59,0,0
BRDA:556,59,1,0
BRDA:566,60,0,0
BRDA:566,60,1,0
BRDA:566,61,0,0
BRDA:566,61,1,0
BRDA:585,62,0,0
BRDA:585,62,1,0
BRDA:588,63,0,0
BRDA:588,63,1,0
BRDA:593,64,0,0
BRDA:593,64,1,0
BRDA:593,65,0,0
BRDA:593,65,1,0
BRDA:593,66,0,0
BRDA:593,66,1,0
BRDA:593,67,0,0
BRDA:593,67,1,0
BRDA:633,68,0,0
BRDA:633,68,1,5
BRDA:633,69,0,5
BRDA:633,69,1,5
BRDA:634,70,0,5
BRDA:634,70,1,0
BRDA:643,71,0,1
BRDA:643,71,1,1
BRDA:644,72,0,0
BRDA:644,72,1,1
BRDA:644,73,0,1
BRDA:644,73,1,1
BRDA:649,74,0,0
BRDA:649,74,1,0
BRDA:649,75,0,0
BRDA:649,75,1,0
BRDA:654,76,0,0
BRDA:654,76,1,0
BRDA:654,77,0,0
BRDA:654,77,1,0
BRF:157
BRH:12
end_of_record
TN:
SF:src\i18n\en.ts
FNF:0
FNH:0
DA:1,1
LF:1
LH:1
BRF:0
BRH:0
end_of_record
TN:
SF:src\i18n\index.ts
FN:230,getTranslation
FN:234,getLanguage
FN:242,t
FNF:3
FNH:0
FNDA:0,getTranslation
FNDA:0,getLanguage
FNDA:0,t
DA:1,1
DA:2,1
DA:225,1
DA:230,1
DA:231,0
DA:234,1
DA:235,0
DA:236,0
DA:237,0
DA:239,0
DA:242,1
DA:243,0
DA:244,0
DA:245,0
LF:14
LH:6
BRDA:231,0,0,0
BRDA:231,0,1,0
BRDA:236,1,0,0
BRDA:236,1,1,0
BRDA:243,2,0,0
BRDA:243,2,1,0
BRDA:245,3,0,0
BRDA:245,3,1,0
BRF:8
BRH:0
end_of_record
TN:
SF:src\i18n\zh-cn.ts
FNF:0
FNH:0
DA:1,1
LF:1
LH:1
BRF:0
BRH:0
end_of_record
TN:
SF:src\io\statsMdStore.ts
FN:65,(anonymous_0)
FN:385,(anonymous_1)
FN:72,(anonymous_2)
FN:77,(anonymous_3)
FN:85,(anonymous_4)
FN:93,(anonymous_5)
FN:111,(anonymous_6)
FN:123,(anonymous_7)
FN:125,(anonymous_8)
FN:127,(anonymous_9)
FN:135,(anonymous_10)
FN:157,(anonymous_11)
FN:171,(anonymous_12)
FN:188,(anonymous_13)
FN:203,(anonymous_14)
FN:207,(anonymous_15)
FN:209,(anonymous_16)
FN:217,(anonymous_17)
FN:240,(anonymous_18)
FN:248,(anonymous_19)
FN:249,(anonymous_20)
FN:252,(anonymous_21)
FN:258,(anonymous_22)
FN:272,(anonymous_23)
FN:311,(anonymous_24)
FN:336,(anonymous_25)
FN:342,(anonymous_26)
FN:347,(anonymous_27)
FN:369,(anonymous_28)
FN:395,(anonymous_29)
FN:398,(anonymous_30)
FN:418,(anonymous_31)
FN:421,(anonymous_32)
FN:424,(anonymous_33)
FN:425,(anonymous_34)
FN:437,(anonymous_35)
FN:446,(anonymous_36)
FN:461,(anonymous_37)
FN:494,(anonymous_38)
FN:511,(anonymous_39)
FN:516,(anonymous_40)
FN:519,(anonymous_41)
FN:527,(anonymous_42)
FN:539,(anonymous_43)
FN:544,(anonymous_44)
FNF:45
FNH:31
FNDA:4,(anonymous_0)
FNDA:0,(anonymous_1)
FNDA:4,(anonymous_2)
FNDA:0,(anonymous_3)
FNDA:2,(anonymous_4)
FNDA:1,(anonymous_5)
FNDA:3,(anonymous_6)
FNDA:3,(anonymous_7)
FNDA:3,(anonymous_8)
FNDA:2,(anonymous_9)
FNDA:2,(anonymous_10)
FNDA:4,(anonymous_11)
FNDA:4,(anonymous_12)
FNDA:4,(anonymous_13)
FNDA:0,(anonymous_14)
FNDA:0,(anonymous_15)
FNDA:0,(anonymous_16)
FNDA:0,(anonymous_17)
FNDA:4,(anonymous_18)
FNDA:1,(anonymous_19)
FNDA:1,(anonymous_20)
FNDA:4,(anonymous_21)
FNDA:0,(anonymous_22)
FNDA:2,(anonymous_23)
FNDA:4,(anonymous_24)
FNDA:4,(anonymous_25)
FNDA:16,(anonymous_26)
FNDA:4,(anonymous_27)
FNDA:2,(anonymous_28)
FNDA:4,(anonymous_29)
FNDA:2,(anonymous_30)
FNDA:2,(anonymous_31)
FNDA:4,(anonymous_32)
FNDA:4,(anonymous_33)
FNDA:4,(anonymous_34)
FNDA:0,(anonymous_35)
FNDA:0,(anonymous_36)
FNDA:0,(anonymous_37)
FNDA:0,(anonymous_38)
FNDA:0,(anonymous_39)
FNDA:0,(anonymous_40)
FNDA:0,(anonymous_41)
FNDA:6,(anonymous_42)
FNDA:4,(anonymous_43)
FNDA:2,(anonymous_44)
DA:1,1
DA:45,1
DA:51,1
DA:53,1
DA:55,1
DA:58,4
DA:59,4
DA:63,4
DA:66,4
DA:67,4
DA:68,4
DA:73,4
DA:78,0
DA:79,0
DA:80,0
DA:86,2
DA:87,2
DA:88,2
DA:90,0
DA:94,1
DA:96,1
DA:97,1
DA:98,1
DA:99,1
DA:102,0
DA:103,0
DA:104,0
DA:106,0
DA:107,0
DA:112,3
DA:113,3
DA:114,3
DA:117,3
DA:118,3
DA:120,3
DA:124,3
DA:125,3
DA:126,3
DA:127,3
DA:128,2
DA:129,2
DA:131,3
DA:134,3
DA:135,3
DA:136,2
DA:137,2
DA:139,2
DA:140,2
DA:142,2
DA:146,2
DA:147,2
DA:150,3
DA:158,4
DA:164,4
DA:165,4
DA:172,4
DA:173,4
DA:175,4
DA:178,2
DA:179,2
DA:182,2
DA:185,4
DA:189,4
DA:190,4
DA:191,3
DA:194,1
DA:195,1
DA:196,1
DA:197,1
DA:198,1
DA:204,0
DA:206,0
DA:207,0
DA:208,0
DA:209,0
DA:210,0
DA:211,0
DA:213,0
DA:216,0
DA:217,0
DA:218,0
DA:219,0
DA:222,0
DA:223,0
DA:225,0
DA:229,0
DA:230,0
DA:233,0
DA:242,4
DA:244,4
DA:245,4
DA:247,4
DA:248,4
DA:249,4
DA:250,4
DA:252,4
DA:254,4
DA:255,4
DA:258,4
DA:259,0
DA:263,0
DA:264,0
DA:265,0
DA:266,0
DA:267,0
DA:272,4
DA:273,2
DA:274,2
DA:275,0
DA:278,2
DA:279,2
DA:281,2
DA:283,2
DA:294,0
DA:295,0
DA:296,0
DA:299,2
DA:301,2
DA:302,2
DA:303,2
DA:304,2
DA:305,2
DA:308,4
DA:310,4
DA:311,4
DA:312,4
DA:315,4
DA:317,4
DA:327,4
DA:333,4
DA:337,4
DA:340,4
DA:341,4
DA:342,16
DA:344,4
DA:347,4
DA:348,4
DA:351,4
DA:352,2
DA:353,2
DA:354,2
DA:357,2
DA:358,2
DA:359,2
DA:360,2
DA:361,2
DA:365,2
DA:371,2
DA:373,2
DA:375,0
DA:379,2
DA:382,4
DA:385,4
DA:386,0
DA:388,0
DA:389,0
DA:391,0
DA:392,0
DA:396,4
DA:398,4
DA:399,2
DA:400,2
DA:403,2
DA:405,2
DA:407,2
DA:408,2
DA:409,2
DA:410,2
DA:414,0
DA:418,4
DA:422,4
DA:424,4
DA:425,4
DA:427,4
DA:428,4
DA:431,0
DA:432,0
DA:433,0
DA:437,0
DA:438,0
DA:445,0
DA:446,0
DA:447,0
DA:450,0
DA:452,0
DA:453,0
DA:454,0
DA:456,0
DA:457,0
DA:459,0
DA:461,0
DA:462,0
DA:463,0
DA:464,0
DA:467,0
DA:470,0
DA:480,0
DA:481,0
DA:482,0
DA:483,0
DA:486,0
DA:487,0
DA:488,0
DA:489,0
DA:494,0
DA:495,0
DA:496,0
DA:497,0
DA:501,0
DA:504,0
DA:512,0
DA:513,0
DA:516,0
DA:520,0
DA:521,0
DA:522,0
DA:524,0
DA:529,6
DA:530,6
DA:531,6
DA:532,6
DA:535,0
DA:536,0
DA:541,4
DA:546,2
LF:225
LH:137
BRDA:386,0,0,0
BRDA:386,0,1,0
BRDA:389,1,0,0
BRDA:389,1,1,0
BRDA:78,2,0,0
BRDA:78,2,1,0
BRDA:87,3,0,2
BRDA:87,3,1,0
BRDA:87,4,0,2
BRDA:87,4,1,2
BRDA:96,5,0,1
BRDA:96,5,1,0
BRDA:114,6,0,0
BRDA:114,6,1,3
BRDA:128,7,0,2
BRDA:128,7,1,0
BRDA:128,8,0,2
BRDA:128,8,1,2
BRDA:137,9,0,0
BRDA:137,9,1,2
BRDA:139,10,0,2
BRDA:139,10,1,0
BRDA:139,11,0,2
BRDA:139,11,1,2
BRDA:140,12,0,2
BRDA:140,12,1,0
BRDA:140,13,0,2
BRDA:140,13,1,2
BRDA:147,14,0,2
BRDA:147,14,1,0
BRDA:159,15,0,4
BRDA:159,15,1,0
BRDA:159,16,0,4
BRDA:159,16,1,4
BRDA:160,17,0,4
BRDA:160,17,1,0
BRDA:160,18,0,4
BRDA:160,18,1,4
BRDA:161,19,0,4
BRDA:161,19,1,0
BRDA:161,20,0,4
BRDA:161,20,1,4
BRDA:175,21,0,4
BRDA:175,21,1,0
BRDA:175,22,0,4
BRDA:175,22,1,4
BRDA:190,23,0,3
BRDA:190,23,1,1
BRDA:196,24,0,0
BRDA:196,24,1,1
BRDA:197,25,0,1
BRDA:197,25,1,0
BRDA:210,26,0,0
BRDA:210,26,1,0
BRDA:210,27,0,0
BRDA:210,27,1,0
BRDA:219,28,0,0
BRDA:219,28,1,0
BRDA:222,29,0,0
BRDA:222,29,1,0
BRDA:222,30,0,0
BRDA:222,30,1,0
BRDA:223,31,0,0
BRDA:223,31,1,0
BRDA:223,32,0,0
BRDA:223,32,1,0
BRDA:230,33,0,0
BRDA:230,33,1,0
BRDA:240,34,0,1
BRDA:248,35,0,4
BRDA:248,35,1,0
BRDA:248,36,0,4
BRDA:248,36,1,4
BRDA:249,37,0,4
BRDA:249,37,1,0
BRDA:249,38,0,4
BRDA:249,38,1,4
BRDA:265,39,0,0
BRDA:265,39,1,0
BRDA:272,40,0,4
BRDA:272,40,1,0
BRDA:272,41,0,4
BRDA:272,41,1,4
BRDA:274,42,0,0
BRDA:274,42,1,2
BRDA:279,43,0,0
BRDA:279,43,1,2
BRDA:279,44,0,2
BRDA:279,44,1,2
BRDA:279,45,0,0
BRDA:279,45,1,2
BRDA:281,46,0,2
BRDA:281,46,1,0
BRDA:294,47,0,0
BRDA:294,47,1,0
BRDA:294,48,0,0
BRDA:294,48,1,0
BRDA:312,49,0,1
BRDA:312,49,1,3
BRDA:312,50,0,4
BRDA:312,50,1,4
BRDA:312,51,0,1
BRDA:312,51,1,3
BRDA:312,52,0,4
BRDA:312,52,1,4
BRDA:312,53,0,0
BRDA:312,53,1,4
BRDA:312,54,0,4
BRDA:312,54,1,4
BRDA:337,55,0,0
BRDA:337,55,1,4
BRDA:347,56,0,4
BRDA:347,56,1,0
BRDA:347,57,0,4
BRDA:347,57,1,4
BRDA:353,58,0,2
BRDA:353,58,1,0
BRDA:353,59,0,2
BRDA:353,59,1,2
BRDA:354,60,0,2
BRDA:354,60,1,0
BRDA:354,61,0,2
BRDA:354,61,1,2
BRDA:357,62,0,2
BRDA:357,62,1,0
BRDA:358,63,0,0
BRDA:358,63,1,2
BRDA:358,64,0,2
BRDA:358,64,1,2
BRDA:359,65,0,2
BRDA:359,65,1,0
BRDA:371,66,0,2
BRDA:371,66,1,0
BRDA:375,67,0,0
BRDA:375,67,1,0
BRDA:375,68,0,0
BRDA:375,68,1,0
BRDA:400,69,0,2
BRDA:400,69,1,0
BRDA:403,70,0,2
BRDA:403,70,1,0
BRDA:407,71,0,2
BRDA:407,71,1,0
BRDA:407,72,0,2
BRDA:407,72,1,0
BRDA:409,73,0,2
BRDA:409,73,1,0
BRDA:427,74,0,4
BRDA:427,74,1,0
BRDA:432,75,0,0
BRDA:432,75,1,0
BRDA:432,76,0,0
BRDA:432,76,1,0
BRDA:438,77,0,0
BRDA:438,77,1,0
BRDA:438,78,0,0
BRDA:438,78,1,0
BRDA:454,79,0,0
BRDA:454,79,1,0
BRDA:457,80,0,0
BRDA:457,80,1,0
BRDA:459,81,0,0
BRDA:459,81,1,0
BRDA:463,82,0,0
BRDA:463,82,1,0
BRDA:480,83,0,0
BRDA:480,83,1,0
BRDA:482,84,0,0
BRDA:482,84,1,0
BRDA:486,85,0,0
BRDA:486,85,1,0
BRDA:488,86,0,0
BRDA:488,86,1,0
BRDA:496,87,0,0
BRDA:496,87,1,0
BRDA:521,88,0,0
BRDA:521,88,1,0
BRDA:529,89,0,6
BRDA:529,89,1,0
BRDA:532,90,0,6
BRDA:532,90,1,0
BRDA:536,91,0,0
BRDA:536,91,1,0
BRF:183
BRH:83
end_of_record
TN:
SF:src\periodic\cache.ts
FN:35,compareGranularity
FN:53,getCanonicalDateString
FN:65,(anonymous_3)
FN:71,(anonymous_4)
FN:85,(anonymous_5)
FN:96,(anonymous_6)
FN:103,(anonymous_7)
FN:107,(anonymous_8)
FN:112,(anonymous_9)
FN:123,(anonymous_10)
FN:128,(anonymous_11)
FN:131,(anonymous_12)
FN:138,(anonymous_13)
FN:146,(anonymous_14)
FN:151,(anonymous_15)
FN:160,(anonymous_16)
FN:164,(anonymous_17)
FN:165,(anonymous_18)
FN:202,(anonymous_19)
FN:207,(anonymous_20)
FN:242,(anonymous_21)
FN:253,(anonymous_22)
FN:257,(anonymous_23)
FN:351,(anonymous_24)
FN:385,(anonymous_25)
FN:412,(anonymous_26)
FN:423,(anonymous_27)
FN:430,(anonymous_28)
FN:441,(anonymous_29)
FN:444,(anonymous_30)
FNF:30
FNH:8
FNDA:0,compareGranularity
FNDA:0,getCanonicalDateString
FNDA:4,(anonymous_3)
FNDA:0,(anonymous_4)
FNDA:0,(anonymous_5)
FNDA:0,(anonymous_6)
FNDA:0,(anonymous_7)
FNDA:0,(anonymous_8)
FNDA:0,(anonymous_9)
FNDA:1,(anonymous_10)
FNDA:4,(anonymous_11)
FNDA:8,(anonymous_12)
FNDA:0,(anonymous_13)
FNDA:0,(anonymous_14)
FNDA:0,(anonymous_15)
FNDA:0,(anonymous_16)
FNDA:0,(anonymous_17)
FNDA:0,(anonymous_18)
FNDA:0,(anonymous_19)
FNDA:0,(anonymous_20)
FNDA:0,(anonymous_21)
FNDA:0,(anonymous_22)
FNDA:0,(anonymous_23)
FNDA:0,(anonymous_24)
FNDA:0,(anonymous_25)
FNDA:0,(anonymous_26)
FNDA:3,(anonymous_27)
FNDA:3,(anonymous_28)
FNDA:6,(anonymous_29)
FNDA:4,(anonymous_30)
DA:2,1
DA:4,1
DA:15,1
DA:17,1
DA:18,1
DA:19,1
DA:20,1
DA:36,0
DA:37,0
DA:38,0
DA:39,0
DA:40,0
DA:54,0
DA:57,1
DA:62,4
DA:63,4
DA:65,4
DA:66,4
DA:67,4
DA:68,4
DA:69,4
DA:71,4
DA:72,0
DA:73,0
DA:74,0
DA:75,0
DA:76,0
DA:79,0
DA:86,0
DA:87,0
DA:88,0
DA:89,0
DA:90,0
DA:92,0
DA:93,0
DA:97,0
DA:98,0
DA:99,0
DA:100,0
DA:104,0
DA:108,0
DA:109,0
DA:111,0
DA:112,0
DA:113,0
DA:114,0
DA:115,0
DA:116,0
DA:119,0
DA:124,1
DA:125,1
DA:128,1
DA:130,4
DA:131,8
DA:134,1
DA:135,1
DA:140,0
DA:141,0
DA:143,0
DA:148,0
DA:152,0
DA:155,0
DA:156,0
DA:157,0
DA:160,0
DA:165,0
DA:166,0
DA:169,0
DA:170,0
DA:171,0
DA:172,0
DA:173,0
DA:174,0
DA:175,0
DA:178,0
DA:180,0
DA:181,0
DA:183,0
DA:184,0
DA:185,0
DA:186,0
DA:187,0
DA:188,0
DA:192,0
DA:193,0
DA:194,0
DA:195,0
DA:196,0
DA:207,0
DA:208,0
DA:210,0
DA:211,0
DA:212,0
DA:213,0
DA:215,0
DA:216,0
DA:218,0
DA:220,0
DA:222,0
DA:223,0
DA:224,0
DA:234,0
DA:235,0
DA:237,0
DA:243,0
DA:244,0
DA:245,0
DA:246,0
DA:248,0
DA:249,0
DA:257,0
DA:258,0
DA:261,0
DA:262,0
DA:263,0
DA:266,0
DA:267,0
DA:268,0
DA:269,0
DA:272,0
DA:273,0
DA:274,0
DA:276,0
DA:277,0
DA:278,0
DA:279,0
DA:280,0
DA:281,0
DA:282,0
DA:287,0
DA:288,0
DA:291,0
DA:301,0
DA:302,0
DA:303,0
DA:305,0
DA:306,0
DA:309,0
DA:310,0
DA:314,0
DA:315,0
DA:316,0
DA:329,0
DA:330,0
DA:335,0
DA:359,0
DA:361,0
DA:362,0
DA:365,0
DA:366,0
DA:369,0
DA:370,0
DA:371,0
DA:374,0
DA:390,0
DA:391,0
DA:392,0
DA:398,0
DA:399,0
DA:400,0
DA:405,0
DA:409,0
DA:413,0
DA:414,0
DA:416,0
DA:417,0
DA:418,0
DA:420,0
DA:426,3
DA:427,3
DA:434,3
DA:435,3
DA:437,3
DA:438,3
DA:440,3
DA:441,6
DA:444,4
DA:446,3
DA:447,3
DA:448,3
DA:449,2
DA:451,1
LF:182
LH:37
BRDA:38,0,0,0
BRDA:38,0,1,0
BRDA:39,1,0,0
BRDA:39,1,1,0
BRDA:88,2,0,0
BRDA:88,2,1,0
BRDA:107,3,0,0
BRDA:108,4,0,0
BRDA:108,4,1,0
BRDA:111,5,0,0
BRDA:111,5,1,0
BRDA:113,6,0,0
BRDA:113,6,1,0
BRDA:131,7,0,8
BRDA:131,7,1,7
BRDA:165,8,0,0
BRDA:165,8,1,0
BRDA:165,9,0,0
BRDA:165,9,1,0
BRDA:166,10,0,0
BRDA:166,10,1,0
BRDA:172,11,0,0
BRDA:172,11,1,0
BRDA:173,12,0,0
BRDA:173,12,1,0
BRDA:174,13,0,0
BRDA:174,13,1,0
BRDA:181,14,0,0
BRDA:181,14,1,0
BRDA:181,15,0,0
BRDA:181,15,1,0
BRDA:186,16,0,0
BRDA:186,16,1,0
BRDA:186,17,0,0
BRDA:186,17,1,0
BRDA:192,18,0,0
BRDA:192,18,1,0
BRDA:195,19,0,0
BRDA:195,19,1,0
BRDA:207,20,0,0
BRDA:207,20,1,0
BRDA:207,21,0,0
BRDA:207,21,1,0
BRDA:208,22,0,0
BRDA:208,22,1,0
BRDA:212,23,0,0
BRDA:212,23,1,0
BRDA:213,24,0,0
BRDA:213,24,1,0
BRDA:216,25,0,0
BRDA:216,25,1,0
BRDA:220,26,0,0
BRDA:220,26,1,0
BRDA:223,27,0,0
BRDA:223,27,1,0
BRDA:243,28,0,0
BRDA:243,28,1,0
BRDA:245,29,0,0
BRDA:245,29,1,0
BRDA:255,30,0,0
BRDA:257,31,0,0
BRDA:257,31,1,0
BRDA:257,32,0,0
BRDA:257,32,1,0
BRDA:258,33,0,0
BRDA:258,33,1,0
BRDA:262,34,0,0
BRDA:262,34,1,0
BRDA:262,35,0,0
BRDA:262,35,1,0
BRDA:268,36,0,0
BRDA:268,36,1,0
BRDA:269,37,0,0
BRDA:269,37,1,0
BRDA:279,38,0,0
BRDA:279,38,1,0
BRDA:287,39,0,0
BRDA:287,39,1,0
BRDA:287,40,0,0
BRDA:287,40,1,0
BRDA:305,41,0,0
BRDA:305,41,1,0
BRDA:305,42,0,0
BRDA:305,42,1,0
BRDA:315,43,0,0
BRDA:315,43,1,0
BRDA:359,44,0,0
BRDA:359,44,1,0
BRDA:370,45,0,0
BRDA:370,45,1,0
BRDA:370,46,0,0
BRDA:370,46,1,0
BRDA:388,47,0,0
BRDA:390,48,0,0
BRDA:390,48,1,0
BRDA:392,49,0,0
BRDA:392,49,1,0
BRDA:400,50,0,0
BRDA:400,50,1,0
BRDA:401,51,0,0
BRDA:401,51,1,0
BRDA:401,51,2,0
BRDA:414,52,0,0
BRDA:414,52,1,0
BRDA:416,53,0,0
BRDA:416,53,1,0
BRDA:417,54,0,0
BRDA:417,54,1,0
BRDA:417,55,0,0
BRDA:417,55,1,0
BRDA:426,56,0,0
BRDA:426,56,1,3
BRDA:427,57,0,3
BRDA:427,57,1,0
BRDA:427,58,0,3
BRDA:427,58,1,3
BRDA:435,59,0,0
BRDA:435,59,1,3
BRDA:446,60,0,2
BRDA:446,60,1,1
BRDA:448,61,0,2
BRDA:448,61,1,1
BRDA:448,62,0,3
BRDA:448,62,1,2
BRF:124
BRH:13
end_of_record
TN:
SF:src\periodic\constants.ts
FNF:0
FNH:0
DA:3,1
DA:4,1
DA:5,1
DA:6,1
DA:7,1
DA:9,1
DA:17,1
DA:23,1
LF:8
LH:8
BRF:0
BRH:0
end_of_record
TN:
SF:src\periodic\parser.ts
FN:16,getLooselyMatchedDate
FNF:1
FNH:1
FNDA:4,getLooselyMatchedDate
DA:11,2
DA:12,2
DA:14,2
DA:16,2
DA:19,4
DA:20,4
DA:21,1
DA:31,3
DA:32,3
DA:33,1
DA:57,2
DA:58,2
DA:59,1
DA:69,1
LF:14
LH:14
BRDA:20,0,0,1
BRDA:20,0,1,3
BRDA:32,1,0,1
BRDA:32,1,1,2
BRDA:58,2,0,1
BRDA:58,2,1,1
BRF:6
BRH:6
end_of_record
TN:
SF:src\periodic\types.ts
FNF:0
FNH:0
DA:9,1
LF:1
LH:1
BRF:0
BRH:0
end_of_record
TN:
SF:src\periodic\utils.ts
FN:12,isMetaPressed
FN:16,getDaysOfWeek
FN:38,getDayOfWeekNumericalValue
FN:42,applyTemplateTransformations
FN:62,(anonymous_4)
FN:84,(anonymous_5)
FN:94,(anonymous_6)
FN:119,(anonymous_7)
FN:144,(anonymous_8)
FN:169,getFormat
FN:184,getPossibleFormats
FN:199,getFolder
FN:203,getConfig
FN:210,applyPeriodicTemplateToFile
FN:231,getTemplateContents
FN:254,getNoteCreationPath
FN:268,join
FN:290,basename
FN:296,ensureFolderExists
FN:308,getRelativeDate
FN:329,(anonymous_20)
FN:338,isIsoFormat
FNF:22
FNH:0
FNDA:0,isMetaPressed
FNDA:0,getDaysOfWeek
FNDA:0,getDayOfWeekNumericalValue
FNDA:0,applyTemplateTransformations
FNDA:0,(anonymous_4)
FNDA:0,(anonymous_5)
FNDA:0,(anonymous_6)
FNDA:0,(anonymous_7)
FNDA:0,(anonymous_8)
FNDA:0,getFormat
FNDA:0,getPossibleFormats
FNDA:0,getFolder
FNDA:0,getConfig
FNDA:0,applyPeriodicTemplateToFile
FNDA:0,getTemplateContents
FNDA:0,getNoteCreationPath
FNDA:0,join
FNDA:0,basename
FNDA:0,ensureFolderExists
FNDA:0,getRelativeDate
FNDA:0,(anonymous_20)
FNDA:0,isIsoFormat
DA:2,1
DA:6,1
DA:7,1
DA:8,1
DA:12,1
DA:13,0
DA:17,0
DA:19,0
DA:20,0
DA:30,0
DA:31,0
DA:32,0
DA:33,0
DA:35,0
DA:38,1
DA:39,0
DA:42,1
DA:49,0
DA:51,0
DA:56,0
DA:57,0
DA:63,0
DA:64,0
DA:69,0
DA:70,0
DA:73,0
DA:74,0
DA:76,0
DA:81,0
DA:82,0
DA:85,0
DA:86,0
DA:91,0
DA:92,0
DA:95,0
DA:96,0
DA:104,0
DA:105,0
DA:108,0
DA:109,0
DA:111,0
DA:116,0
DA:117,0
DA:120,0
DA:121,0
DA:129,0
DA:130,0
DA:133,0
DA:134,0
DA:136,0
DA:141,0
DA:142,0
DA:145,0
DA:146,0
DA:154,0
DA:155,0
DA:158,0
DA:159,0
DA:161,0
DA:166,0
DA:169,1
DA:171,0
DA:172,0
DA:175,0
DA:176,0
DA:184,1
DA:188,0
DA:189,0
DA:191,0
DA:192,0
DA:193,0
DA:194,0
DA:196,0
DA:199,1
DA:200,0
DA:203,1
DA:207,0
DA:210,1
DA:216,0
DA:217,0
DA:221,0
DA:228,0
DA:231,1
DA:235,0
DA:236,0
DA:237,0
DA:238,0
DA:241,0
DA:242,0
DA:243,0
DA:245,0
DA:249,0
DA:250,0
DA:254,1
DA:259,0
DA:260,0
DA:262,0
DA:263,0
DA:264,0
DA:268,1
DA:270,0
DA:271,0
DA:272,0
DA:275,0
DA:276,0
DA:277,0
DA:280,0
DA:282,0
DA:285,0
DA:287,0
DA:290,1
DA:291,0
DA:292,0
DA:293,0
DA:297,0
DA:298,0
DA:300,0
DA:301,0
DA:302,0
DA:303,0
DA:308,1
DA:309,0
DA:310,0
DA:311,0
DA:312,0
DA:313,0
DA:314,0
DA:315,0
DA:316,0
DA:317,0
DA:319,0
DA:320,0
DA:321,0
DA:322,0
DA:323,0
DA:330,0
DA:334,0
DA:338,1
DA:339,0
DA:340,0
LF:140
LH:18
BRDA:13,0,0,0
BRDA:13,0,1,0
BRDA:32,1,0,0
BRDA:32,1,1,0
BRDA:56,2,0,0
BRDA:56,2,1,0
BRDA:69,3,0,0
BRDA:69,3,1,0
BRDA:73,4,0,0
BRDA:73,4,1,0
BRDA:81,5,0,0
BRDA:81,5,1,0
BRDA:91,6,0,0
BRDA:91,6,1,0
BRDA:104,7,0,0
BRDA:104,7,1,0
BRDA:108,8,0,0
BRDA:108,8,1,0
BRDA:116,9,0,0
BRDA:116,9,1,0
BRDA:129,10,0,0
BRDA:129,10,1,0
BRDA:133,11,0,0
BRDA:133,11,1,0
BRDA:141,12,0,0
BRDA:141,12,1,0
BRDA:154,13,0,0
BRDA:154,13,1,0
BRDA:158,14,0,0
BRDA:158,14,1,0
BRDA:171,15,0,0
BRDA:171,15,1,0
BRDA:171,16,0,0
BRDA:171,16,1,0
BRDA:172,17,0,0
BRDA:172,17,1,0
BRDA:172,18,0,0
BRDA:172,18,1,0
BRDA:172,19,0,0
BRDA:172,19,1,0
BRDA:176,20,0,0
BRDA:176,20,1,0
BRDA:176,21,0,0
BRDA:176,21,1,0
BRDA:188,22,0,0
BRDA:188,22,1,0
BRDA:188,23,0,0
BRDA:188,23,1,0
BRDA:189,24,0,0
BRDA:189,24,1,0
BRDA:192,25,0,0
BRDA:192,25,1,0
BRDA:200,26,0,0
BRDA:200,26,1,0
BRDA:200,27,0,0
BRDA:200,27,1,0
BRDA:200,28,0,0
BRDA:200,28,1,0
BRDA:207,29,0,0
BRDA:207,29,1,0
BRDA:207,30,0,0
BRDA:207,30,1,0
BRDA:219,31,0,0
BRDA:219,31,1,0
BRDA:219,32,0,0
BRDA:219,32,1,0
BRDA:236,33,0,0
BRDA:236,33,1,0
BRDA:236,34,0,0
BRDA:236,34,1,0
BRDA:237,35,0,0
BRDA:237,35,1,0
BRDA:243,36,0,0
BRDA:243,36,1,0
BRDA:259,37,0,0
BRDA:259,37,1,0
BRDA:259,38,0,0
BRDA:259,38,1,0
BRDA:260,39,0,0
BRDA:260,39,1,0
BRDA:280,40,0,0
BRDA:280,40,1,0
BRDA:280,41,0,0
BRDA:280,41,1,0
BRDA:285,42,0,0
BRDA:285,42,1,0
BRDA:292,43,0,0
BRDA:292,43,1,0
BRDA:300,44,0,0
BRDA:300,44,1,0
BRDA:302,45,0,0
BRDA:302,45,1,0
BRDA:309,46,0,0
BRDA:309,46,1,0
BRDA:312,47,0,0
BRDA:312,47,1,0
BRDA:314,48,0,0
BRDA:314,48,1,0
BRDA:316,49,0,0
BRDA:316,49,1,0
BRDA:320,50,0,0
BRDA:320,50,1,0
BRF:102
BRH:0
end_of_record
TN:
SF:src\periodic\settings\validation.ts
FN:5,removeEscapedCharacters
FN:11,pathWithoutExtension
FN:16,getBasename
FN:21,isValidFilename
FN:36,validateFormat
FN:57,validateFormatComplexity
FN:72,(anonymous_6)
FN:86,getDateInput
FN:102,validateTemplate
FN:115,validateFolder
FNF:10
FNH:8
FNDA:5,removeEscapedCharacters
FNDA:1,pathWithoutExtension
FNDA:5,getBasename
FNDA:1,isValidFilename
FNDA:1,validateFormat
FNDA:3,validateFormatComplexity
FNDA:4,(anonymous_6)
FNDA:1,getDateInput
FNDA:0,validateTemplate
FNDA:0,validateFolder
DA:1,2
DA:5,2
DA:6,5
DA:8,5
DA:12,1
DA:13,1
DA:16,2
DA:17,5
DA:18,5
DA:22,1
DA:24,1
DA:25,1
DA:26,1
DA:28,1
DA:36,2
DA:37,1
DA:38,0
DA:41,1
DA:42,1
DA:45,0
DA:46,0
DA:47,0
DA:49,0
DA:50,0
DA:54,0
DA:57,2
DA:61,3
DA:62,3
DA:63,3
DA:64,0
DA:67,3
DA:68,3
DA:69,2
DA:73,4
DA:79,2
DA:83,1
DA:86,2
DA:92,1
DA:93,1
DA:94,1
DA:95,1
DA:96,1
DA:97,1
DA:99,0
DA:102,2
DA:103,0
DA:104,0
DA:107,0
DA:108,0
DA:109,0
DA:112,0
DA:115,2
DA:116,0
DA:117,0
DA:120,0
DA:121,0
DA:124,0
LF:57
LH:37
BRDA:18,0,0,5
BRDA:18,0,1,0
BRDA:18,1,0,5
BRDA:18,1,1,0
BRDA:18,2,0,5
BRDA:18,2,1,5
BRDA:29,3,0,1
BRDA:29,3,1,0
BRDA:29,3,2,0
BRDA:29,3,3,0
BRDA:37,4,0,0
BRDA:37,4,1,1
BRDA:41,5,0,1
BRDA:41,5,1,0
BRDA:45,6,0,0
BRDA:45,6,1,0
BRDA:49,7,0,0
BRDA:49,7,1,0
BRDA:63,8,0,0
BRDA:63,8,1,3
BRDA:68,9,0,2
BRDA:68,9,1,1
BRDA:69,10,0,2
BRDA:69,10,1,0
BRDA:70,11,0,2
BRDA:70,11,1,2
BRDA:92,12,0,1
BRDA:92,12,1,0
BRDA:95,13,0,1
BRDA:95,13,1,0
BRDA:95,14,0,1
BRDA:95,14,1,1
BRDA:95,15,0,0
BRDA:95,15,1,1
BRDA:95,16,0,1
BRDA:95,16,1,1
BRDA:103,17,0,0
BRDA:103,17,1,0
BRDA:108,18,0,0
BRDA:108,18,1,0
BRDA:116,19,0,0
BRDA:116,19,1,0
BRDA:116,20,0,0
BRDA:116,20,1,0
BRDA:120,21,0,0
BRDA:120,21,1,0
BRF:46
BRH:20
end_of_record
TN:
SF:src\pomo\audio_urls.ts
FNF:0
FNH:0
DA:1,1
DA:3,1
LF:2
LH:2
BRF:0
BRH:0
end_of_record
TN:
SF:src\pomo\timer.ts
FN:13,(anonymous_0)
FN:32,(anonymous_1)
FN:53,(anonymous_2)
FN:63,(anonymous_3)
FN:82,(anonymous_4)
FN:115,(anonymous_5)
FN:129,(anonymous_6)
FN:139,(anonymous_7)
FN:148,(anonymous_8)
FN:160,(anonymous_9)
FN:191,(anonymous_10)
FN:204,(anonymous_11)
FN:217,(anonymous_12)
FN:235,(anonymous_13)
FN:241,(anonymous_14)
FN:246,(anonymous_15)
FN:262,(anonymous_16)
FN:293,(anonymous_17)
FN:310,millisecsToString
FN:322,playNotification
FN:327,showSystemNotification
FNF:21
FNH:10
FNDA:1,(anonymous_0)
FNDA:5,(anonymous_1)
FNDA:0,(anonymous_2)
FNDA:1,(anonymous_3)
FNDA:0,(anonymous_4)
FNDA:0,(anonymous_5)
FNDA:0,(anonymous_6)
FNDA:0,(anonymous_7)
FNDA:1,(anonymous_8)
FNDA:5,(anonymous_9)
FNDA:0,(anonymous_10)
FNDA:1,(anonymous_11)
FNDA:1,(anonymous_12)
FNDA:1,(anonymous_13)
FNDA:0,(anonymous_14)
FNDA:5,(anonymous_15)
FNDA:1,(anonymous_16)
FNDA:0,(anonymous_17)
FNDA:0,millisecsToString
FNDA:0,playNotification
FNDA:0,showSystemNotification
DA:1,1
DA:2,1
DA:3,1
DA:5,1
DA:6,1
DA:11,1
DA:13,1
DA:14,1
DA:15,1
DA:16,1
DA:17,1
DA:20,1
DA:33,5
DA:34,5
DA:35,5
DA:36,5
DA:37,5
DA:40,5
DA:41,5
DA:43,5
DA:45,0
DA:46,0
DA:47,0
DA:49,5
DA:54,0
DA:56,0
DA:57,0
DA:58,0
DA:64,1
DA:65,1
DA:66,1
DA:69,1
DA:70,0
DA:71,0
DA:72,0
DA:73,0
DA:76,0
DA:78,1
DA:83,0
DA:84,0
DA:86,0
DA:87,0
DA:89,0
DA:90,0
DA:93,0
DA:94,0
DA:96,0
DA:97,0
DA:100,0
DA:101,0
DA:103,0
DA:104,0
DA:105,0
DA:106,0
DA:107,0
DA:108,0
DA:110,0
DA:112,0
DA:116,0
DA:117,0
DA:118,0
DA:119,0
DA:120,0
DA:122,0
DA:123,0
DA:126,0
DA:130,0
DA:131,0
DA:133,0
DA:134,0
DA:136,0
DA:140,0
DA:141,0
DA:142,0
DA:143,0
DA:144,0
DA:149,1
DA:161,5
DA:162,5
DA:163,3
DA:167,2
DA:168,1
DA:169,1
DA:173,1
DA:174,1
DA:175,1
DA:176,1
DA:177,1
DA:178,1
DA:179,1
DA:182,1
DA:183,1
DA:184,1
DA:185,0
DA:186,0
DA:193,0
DA:194,0
DA:195,0
DA:197,0
DA:198,0
DA:199,0
DA:201,0
DA:205,1
DA:206,1
DA:208,1
DA:210,1
DA:211,0
DA:212,0
DA:214,1
DA:218,1
DA:219,1
DA:220,0
DA:221,0
DA:223,0
DA:226,1
DA:229,0
DA:232,1
DA:236,1
DA:237,1
DA:242,0
DA:243,0
DA:247,5
DA:249,3
DA:252,1
DA:255,1
DA:263,1
DA:266,1
DA:267,1
DA:268,1
DA:270,0
DA:271,0
DA:274,1
DA:276,1
DA:280,1
DA:284,1
DA:287,0
DA:288,0
DA:294,0
DA:295,0
DA:299,0
DA:300,0
DA:313,0
DA:314,0
DA:316,0
DA:319,0
DA:323,0
DA:324,0
DA:328,0
DA:329,0
DA:330,0
DA:332,0
DA:334,0
DA:335,0
DA:339,0
DA:340,0
DA:344,0
DA:347,0
DA:349,0
LF:158
LH:66
BRDA:13,0,0,1
BRDA:13,0,1,1
BRDA:43,1,0,0
BRDA:43,1,1,5
BRDA:43,2,0,0
BRDA:43,2,1,5
BRDA:43,3,0,5
BRDA:43,3,1,5
BRDA:46,4,0,0
BRDA:46,4,1,0
BRDA:54,5,0,0
BRDA:54,5,1,0
BRDA:54,6,0,0
BRDA:54,6,1,0
BRDA:54,7,0,0
BRDA:54,7,1,0
BRDA:57,8,0,0
BRDA:57,8,1,0
BRDA:65,9,0,1
BRDA:65,9,1,0
BRDA:65,10,0,1
BRDA:65,10,1,1
BRDA:69,11,0,0
BRDA:69,11,1,1
BRDA:70,12,0,0
BRDA:70,12,1,0
BRDA:72,13,0,0
BRDA:72,13,1,0
BRDA:83,14,0,0
BRDA:83,14,1,0
BRDA:86,15,0,0
BRDA:86,15,1,0
BRDA:89,16,0,0
BRDA:89,16,1,0
BRDA:89,17,0,0
BRDA:89,17,1,0
BRDA:93,18,0,0
BRDA:93,18,1,0
BRDA:96,19,0,0
BRDA:96,19,1,0
BRDA:101,20,0,0
BRDA:101,20,1,0
BRDA:103,21,0,0
BRDA:103,21,1,0
BRDA:103,22,0,0
BRDA:103,22,1,0
BRDA:122,23,0,0
BRDA:122,23,1,0
BRDA:133,24,0,0
BRDA:133,24,1,0
BRDA:140,25,0,0
BRDA:140,25,1,0
BRDA:142,26,0,0
BRDA:142,26,1,0
BRDA:162,27,0,3
BRDA:162,27,1,2
BRDA:162,28,0,5
BRDA:162,28,1,2
BRDA:167,29,0,1
BRDA:167,29,1,1
BRDA:167,30,0,2
BRDA:167,30,1,2
BRDA:167,30,2,2
BRDA:182,31,0,1
BRDA:182,31,1,0
BRDA:182,32,0,1
BRDA:182,32,1,1
BRDA:184,33,0,0
BRDA:184,33,1,1
BRDA:197,34,0,0
BRDA:197,34,1,0
BRDA:204,35,0,0
BRDA:210,36,0,0
BRDA:210,36,1,1
BRDA:217,37,0,0
BRDA:218,38,0,1
BRDA:218,38,1,0
BRDA:219,39,0,0
BRDA:219,39,1,1
BRDA:220,40,0,0
BRDA:220,40,1,0
BRDA:247,41,0,3
BRDA:247,41,1,1
BRDA:247,41,2,1
BRDA:266,42,0,1
BRDA:266,42,1,0
BRDA:268,43,0,0
BRDA:268,43,1,1
BRDA:271,44,0,0
BRDA:271,44,1,0
BRDA:274,45,0,1
BRDA:274,45,1,0
BRDA:276,46,0,1
BRDA:276,46,1,1
BRDA:276,46,2,1
BRDA:276,46,3,0
BRDA:294,47,0,0
BRDA:294,47,1,0
BRDA:295,48,0,0
BRDA:295,48,1,0
BRDA:295,48,2,0
BRDA:313,49,0,0
BRDA:313,49,1,0
BRDA:332,50,0,0
BRDA:332,50,1,0
BRDA:332,50,2,0
BRDA:332,50,3,0
BRF:107
BRH:35
end_of_record
TN:
SF:src\services\audio\WhiteNoiseService.ts
FN:16,(anonymous_0)
FN:21,(anonymous_1)
FN:25,(anonymous_2)
FN:33,(anonymous_3)
FN:38,(anonymous_4)
FN:58,(anonymous_5)
FN:61,(anonymous_6)
FN:64,(anonymous_7)
FN:69,(anonymous_8)
FN:77,(anonymous_9)
FN:86,(anonymous_10)
FN:90,(anonymous_11)
FN:95,(anonymous_12)
FNF:13
FNH:8
FNDA:5,(anonymous_0)
FNDA:3,(anonymous_1)
FNDA:6,(anonymous_2)
FNDA:0,(anonymous_3)
FNDA:1,(anonymous_4)
FNDA:1,(anonymous_5)
FNDA:1,(anonymous_6)
FNDA:0,(anonymous_7)
FNDA:1,(anonymous_8)
FNDA:2,(anonymous_9)
FNDA:0,(anonymous_10)
FNDA:0,(anonymous_11)
FNDA:0,(anonymous_12)
DA:1,1
DA:8,1
DA:11,5
DA:12,5
DA:14,5
DA:17,5
DA:18,5
DA:22,3
DA:26,6
DA:28,5
DA:29,5
DA:30,5
DA:33,5
DA:34,0
DA:39,1
DA:41,1
DA:42,1
DA:43,1
DA:45,1
DA:46,1
DA:47,1
DA:49,0
DA:50,0
DA:53,1
DA:54,0
DA:59,1
DA:61,1
DA:62,1
DA:63,1
DA:65,0
DA:70,1
DA:72,1
DA:73,1
DA:74,1
DA:78,2
DA:80,2
DA:81,2
DA:82,2
DA:83,2
DA:87,0
DA:91,0
DA:92,0
DA:96,0
DA:97,0
LF:44
LH:34
BRDA:26,0,0,1
BRDA:26,0,1,5
BRDA:39,1,0,0
BRDA:39,1,1,1
BRDA:45,2,0,1
BRDA:45,2,1,0
BRDA:53,3,0,0
BRDA:53,3,1,1
BRDA:59,4,0,0
BRDA:59,4,1,1
BRDA:63,5,0,1
BRDA:63,5,1,0
BRDA:70,6,0,0
BRDA:70,6,1,1
BRDA:74,7,0,1
BRDA:74,7,1,0
BRDA:78,8,0,0
BRDA:78,8,1,2
BRDA:83,9,0,1
BRDA:83,9,1,1
BRF:20
BRH:12
end_of_record
TN:
SF:src\smtc\SystemMediaMonitor.ts
FN:25,(anonymous_9)
FN:229,(anonymous_10)
FN:41,(anonymous_11)
FN:49,(anonymous_12)
FN:54,(anonymous_13)
FN:67,(anonymous_14)
FN:100,(anonymous_15)
FN:111,(anonymous_16)
FN:128,(anonymous_17)
FN:130,(anonymous_18)
FN:140,(anonymous_19)
FN:150,(anonymous_20)
FN:157,(anonymous_21)
FN:174,(anonymous_22)
FN:180,(anonymous_23)
FN:184,(anonymous_24)
FN:189,(anonymous_25)
FN:198,(anonymous_26)
FN:243,(anonymous_27)
FN:250,(anonymous_28)
FN:262,(anonymous_29)
FN:266,(anonymous_30)
FN:275,(anonymous_31)
FN:280,getActiveWindow
FN:281,(anonymous_33)
FN:290,(anonymous_34)
FN:295,(anonymous_35)
FN:299,(anonymous_36)
FN:305,(anonymous_37)
FNF:29
FNH:4
FNDA:3,(anonymous_9)
FNDA:1,(anonymous_10)
FNDA:3,(anonymous_11)
FNDA:0,(anonymous_12)
FNDA:0,(anonymous_13)
FNDA:0,(anonymous_14)
FNDA:0,(anonymous_15)
FNDA:0,(anonymous_16)
FNDA:0,(anonymous_17)
FNDA:0,(anonymous_18)
FNDA:0,(anonymous_19)
FNDA:0,(anonymous_20)
FNDA:0,(anonymous_21)
FNDA:0,(anonymous_22)
FNDA:0,(anonymous_23)
FNDA:0,(anonymous_24)
FNDA:0,(anonymous_25)
FNDA:3,(anonymous_26)
FNDA:0,(anonymous_27)
FNDA:0,(anonymous_28)
FNDA:0,(anonymous_29)
FNDA:0,(anonymous_30)
FNDA:0,(anonymous_31)
FNDA:0,getActiveWindow
FNDA:0,(anonymous_33)
FNDA:0,(anonymous_34)
FNDA:0,(anonymous_35)
FNDA:0,(anonymous_36)
FNDA:0,(anonymous_37)
DA:1,1
DA:2,1
DA:3,1
DA:4,1
DA:5,1
DA:6,1
DA:12,1
DA:13,1
DA:15,1
DA:16,3
DA:17,3
DA:18,3
DA:26,3
DA:27,3
DA:28,3
DA:30,3
DA:31,3
DA:32,3
DA:34,3
DA:35,3
DA:36,3
DA:38,3
DA:43,3
DA:44,3
DA:45,0
DA:50,0
DA:51,0
DA:55,0
DA:56,0
DA:57,0
DA:58,0
DA:59,0
DA:60,0
DA:62,0
DA:63,0
DA:68,0
DA:69,0
DA:72,0
DA:73,0
DA:77,0
DA:78,0
DA:81,0
DA:84,0
DA:85,0
DA:86,0
DA:87,0
DA:88,0
DA:91,0
DA:94,0
DA:95,0
DA:96,0
DA:97,0
DA:98,0
DA:100,0
DA:104,0
DA:108,0
DA:113,0
DA:114,0
DA:116,0
DA:117,0
DA:118,0
DA:119,0
DA:121,0
DA:125,0
DA:129,0
DA:130,0
DA:131,0
DA:140,0
DA:141,0
DA:142,0
DA:143,0
DA:145,0
DA:146,0
DA:150,0
DA:151,0
DA:152,0
DA:158,0
DA:160,0
DA:161,0
DA:162,0
DA:163,0
DA:166,0
DA:167,0
DA:169,0
DA:174,0
DA:175,0
DA:176,0
DA:177,0
DA:180,0
DA:181,0
DA:184,0
DA:185,0
DA:186,0
DA:189,0
DA:190,0
DA:194,0
DA:199,3
DA:200,3
DA:202,3
DA:203,2
DA:205,2
DA:206,2
DA:207,1
DA:209,1
DA:210,1
DA:211,1
DA:214,0
DA:217,2
DA:218,2
DA:219,2
DA:222,3
DA:223,1
DA:224,1
DA:229,3
DA:230,1
DA:231,1
DA:240,1
DA:244,0
DA:245,0
DA:246,0
DA:251,0
DA:253,0
DA:255,0
DA:256,0
DA:257,0
DA:262,0
DA:263,0
DA:266,0
DA:267,0
DA:271,0
DA:276,0
DA:280,1
DA:281,0
DA:282,0
DA:290,0
DA:291,0
DA:292,0
DA:295,0
DA:296,0
DA:299,0
DA:300,0
DA:301,0
DA:305,0
DA:306,0
LF:144
LH:45
BRDA:230,0,0,0
BRDA:230,0,1,1
BRDA:31,1,0,3
BRDA:31,1,1,0
BRDA:44,2,0,0
BRDA:44,2,1,3
BRDA:44,3,0,3
BRDA:44,3,1,0
BRDA:44,3,2,0
BRDA:50,4,0,0
BRDA:50,4,1,0
BRDA:55,5,0,0
BRDA:55,5,1,0
BRDA:72,6,0,0
BRDA:72,6,1,0
BRDA:77,7,0,0
BRDA:77,7,1,0
BRDA:77,8,0,0
BRDA:77,8,1,0
BRDA:85,9,0,0
BRDA:85,9,1,0
BRDA:95,10,0,0
BRDA:95,10,1,0
BRDA:97,11,0,0
BRDA:97,11,1,0
BRDA:113,12,0,0
BRDA:113,12,1,0
BRDA:117,13,0,0
BRDA:117,13,1,0
BRDA:141,14,0,0
BRDA:141,14,1,0
BRDA:161,15,0,0
BRDA:161,15,1,0
BRDA:202,16,0,5
BRDA:202,16,1,2
BRDA:202,16,2,2
BRDA:206,17,0,1
BRDA:206,17,1,1
BRDA:222,18,0,1
BRDA:222,18,1,2
BRDA:244,19,0,0
BRDA:244,19,1,0
BRDA:251,20,0,0
BRDA:251,20,1,0
BRDA:300,21,0,0
BRDA:300,21,1,0
BRF:46
BRH:11
end_of_record
TN:
SF:src\workers\worker.ts
FNF:0
FNH:0
DA:4,1
LF:1
LH:1
BRF:0
BRH:0
end_of_record
